{"type":["init_ps"],"time":["2024-05-13 12:54:25"],"user":["Frederick Sollors"],"umph":[1715597665.8259],"ok":[true]}
,
{"type":["check_chunk"],"time":["2024-05-13 12:54:25"],"user":["Frederick Sollors"],"umph":[1715597665.8398],"ok":[true],"chunk":[1],"ex":[1],"e.ind":[0],"code":["\n2\n"],"message":[""]}
,
{"type":["check_chunk"],"time":["2024-05-13 12:54:25"],"user":["Frederick Sollors"],"umph":[1715597665.8443],"ok":[false],"chunk":[2],"ex":[1],"e.ind":[1],"code":["\n# enter your code here ...\n"],"message":["\nYou have not yet entered all correct commands in chunk 1_b."]}
,
{"type":["check_ps"],"time":["2024-05-13 12:55:59"],"user":["Frederick Sollors"],"umph":[1715597759.8957],"ok":[true]}
,
{"type":["check_chunk"],"time":["2024-05-13 12:55:59"],"user":["Frederick Sollors"],"umph":[1715597759.908],"ok":[true],"chunk":[2],"ex":[1],"e.ind":[0],"code":["\n\"nein\"\n"],"message":[""]}
,
{"type":["check_chunk"],"time":["2024-05-13 12:56:00"],"user":["Frederick Sollors"],"umph":[1715597760.9337],"ok":[false],"chunk":[3],"ex":[1],"e.ind":[2],"code":["thp <- read_csv(\"./data/THP_clean.csv\") %>%\n  select(newid, uc, depressed_1y, treat, age_baseline, age_baseline_sq, kids_no, famstruct_baseline, grandmother_baseline, edu_mo, edu_fa, employed_mo_baseline, incomeindex, depindex_0, mspss_tot)\n\n# enter your code here ...\n"],"message":["\nYou have not yet entered all correct commands in chunk 1_c."]}
,
{"type":["check_ps"],"time":["2024-05-13 12:58:08"],"user":["Frederick Sollors"],"umph":[1715597888.2656],"ok":[true]}
,
{"type":["check_chunk"],"time":["2024-05-13 12:58:08"],"user":["Frederick Sollors"],"umph":[1715597888.877],"ok":[true],"chunk":[3],"ex":[1],"e.ind":[0],"code":["\nthp <- read_csv(\"./data/THP_clean.csv\") %>%\n  select(newid, uc, depressed_1y, treat, age_baseline, age_baseline_sq, kids_no, famstruct_baseline, grandmother_baseline, edu_mo, edu_fa, employed_mo_baseline, incomeindex, depindex_0, mspss_tot)\n\nskim(thp)\n"],"message":[""]}
,
{"type":["check_chunk"],"time":["2024-05-13 12:58:08"],"user":["Frederick Sollors"],"umph":[1715597888.8822],"ok":[false],"chunk":[4],"ex":[1],"e.ind":[1],"code":["thp_plots <- thp %>%\n  mutate(treat_factor = as.factor(ifelse(treat == 1 , \"Treatment\", \"Kontrolle\")),\n         depressed = as.factor(ifelse(depressed_1y == 0, \"keine Depressionen\", \"Depressionen\"))) %>%\n  filter( !is.na(depressed)) \n#plot_prop_depression <- ggplot(___, aes(x = ___, fill = ___)) +\n#  geom_bar(position = \"fill\") +\n#  labs(x = NULL, y = \"Anteil an Depressionen\", fill = NULL) +\n#  scale_fill_manual(values = c(\"darkblue\", \"darkred\"))\n\n#plot_prop_depression\n\n# enter your code here ...\n"],"message":["\nYou have not yet made an assignment to plot_prop_depression in chunk 1_d."]}
,
{"type":["hint"],"time":["2024-05-13 13:00:18"],"user":["Frederick Sollors"],"umph":[1715598018.1893],"ok":[true],"chunk":[4],"ex":[1],"e.ind":[1]}
,
{"type":["check_ps"],"time":["2024-05-13 13:06:04"],"user":["Frederick Sollors"],"umph":[1715598364.6771],"ok":[true]}
,
{"type":["check_chunk"],"time":["2024-05-13 13:06:04"],"user":["Frederick Sollors"],"umph":[1715598364.7684],"ok":[false],"chunk":[4],"ex":[1],"e.ind":[1],"code":["\nthp_plots <- thp %>%\n  mutate(treat_factor = as.factor(ifelse(treat == 1 , \"Treatment\", \"Kontrolle\")),\n         depressed = as.factor(ifelse(depressed_1y == 0, \"keine Depressionen\", \"Depressionen\"))) %>%\n  filter( !is.na(depressed)) \nplot_prop_depression <- ggplot(thp, aes(x = treat_factor, fill = depressed)) +\n  geom_bar(position = \"fill\") +\n  labs(x = NULL, y = \"Anteil an Depressionen\", fill = NULL) +\n  scale_fill_manual(values = c(\"darkblue\", \"darkred\"))\n\nplot_prop_depression\n"],"message":["\nYou have not made a correct assignment to plot_prop_depression in chunk 1_d."]}
,
{"type":["hint"],"time":["2024-05-13 13:06:14"],"user":["Frederick Sollors"],"umph":[1715598374.7603],"ok":[true],"chunk":[4],"ex":[1],"e.ind":[1]}
,
{"type":["check_ps"],"time":["2024-05-13 13:07:45"],"user":["Frederick Sollors"],"umph":[1715598465.732],"ok":[true]}
,
{"type":["check_chunk"],"time":["2024-05-13 13:07:45"],"user":["Frederick Sollors"],"umph":[1715598465.916],"ok":[true],"chunk":[4],"ex":[1],"e.ind":[0],"code":["\nthp_plots <- thp %>%\n  mutate(treat_factor = as.factor(ifelse(treat == 1 , \"Treatment\", \"Kontrolle\")),\n         depressed = as.factor(ifelse(depressed_1y == 0, \"keine Depressionen\", \"Depressionen\"))) %>%\n  filter( !is.na(depressed)) \nplot_prop_depression <- ggplot(thp_plots, aes(x = depressed, fill = treat_factor)) +\n  geom_bar(position = \"fill\") +\n  labs(x = NULL, y = \"Anteil an Depressionen\", fill = NULL) +\n  scale_fill_manual(values = c(\"darkblue\", \"darkred\"))\n\nplot_prop_depression\n"],"message":[""]}
,
{"type":["check_chunk"],"time":["2024-05-13 13:07:45"],"user":["Frederick Sollors"],"umph":[1715598465.92],"ok":[true],"chunk":[5],"ex":[1],"e.ind":[0],"code":["\n\"ja\"\n"],"message":[""]}
,
{"type":["check_chunk"],"time":["2024-05-13 13:07:45"],"user":["Frederick Sollors"],"umph":[1715598465.923],"ok":[false],"chunk":[6],"ex":[1],"e.ind":[1],"code":["\n# enter your code here ...\n"],"message":["\nYou have not yet entered all correct commands in chunk 1_f."]}
,
{"type":["check_ps"],"time":["2024-05-13 13:07:51"],"user":["Frederick Sollors"],"umph":[1715598471.01],"ok":[true]}
,
{"type":["check_chunk"],"time":["2024-05-13 13:07:51"],"user":["Frederick Sollors"],"umph":[1715598471.062],"ok":[true],"chunk":[7],"ex":[1],"e.ind":[0],"code":["thp %>% \n  pivot_longer(cols = -treat, names_to = \"variable\", values_to = \"value\") %>%\n  group_nest(variable) %>%\n  mutate(t.test = map(data, ~tidy(t.test(value ~ treat, data = .x)))) %>%\n  unnest(t.test) %>%\n  mutate( Mean_Treatment = round(estimate2, 2),\n          Mean_Kontrolle = round(estimate1, 2),\n    Differenz = round(estimate, 4),\n          Signifikanz = round(p.value,4)) %>%\n  select(variable, Mean_Treatment, Mean_Kontrolle, Differenz, Signifikanz)"],"message":[""]}
,
{"type":["check_chunk"],"time":["2024-05-13 13:07:51"],"user":["Frederick Sollors"],"umph":[1715598471.0654],"ok":[false],"chunk":[8],"ex":[1],"e.ind":[1],"code":["\n# enter your code here ...\n"],"message":["\nYou have not yet entered all correct commands in chunk 1_g."]}
,
{"type":["check_ps"],"time":["2024-05-13 13:10:08"],"user":["Frederick Sollors"],"umph":[1715598608.1382],"ok":[true]}
,
{"type":["check_chunk"],"time":["2024-05-13 13:10:08"],"user":["Frederick Sollors"],"umph":[1715598608.1573],"ok":[false],"chunk":[6],"ex":[1],"e.ind":[1],"code":["\n\"überschätzen\"\n"],"message":["\nYou have not yet entered all correct commands in chunk 1_f."]}
,
{"type":["check_ps"],"time":["2024-05-13 13:10:28"],"user":["Frederick Sollors"],"umph":[1715598628.1493],"ok":[true]}
,
{"type":["check_chunk"],"time":["2024-05-13 13:10:28"],"user":["Frederick Sollors"],"umph":[1715598628.1583],"ok":[true],"chunk":[6],"ex":[1],"e.ind":[0],"code":["\n\"unterschätzen\"\n"],"message":[""]}
,
{"type":["check_chunk"],"time":["2024-05-13 13:10:28"],"user":["Frederick Sollors"],"umph":[1715598628.2476],"ok":[true],"chunk":[7],"ex":[1],"e.ind":[0],"code":["thp %>% \n  pivot_longer(cols = -treat, names_to = \"variable\", values_to = \"value\") %>%\n  group_nest(variable) %>%\n  mutate(t.test = map(data, ~tidy(t.test(value ~ treat, data = .x)))) %>%\n  unnest(t.test) %>%\n  mutate( Mean_Treatment = round(estimate2, 2),\n          Mean_Kontrolle = round(estimate1, 2),\n    Differenz = round(estimate, 4),\n          Signifikanz = round(p.value,4)) %>%\n  select(variable, Mean_Treatment, Mean_Kontrolle, Differenz, Signifikanz)"],"message":[""]}
,
{"type":["check_chunk"],"time":["2024-05-13 13:10:28"],"user":["Frederick Sollors"],"umph":[1715598628.251],"ok":[false],"chunk":[8],"ex":[1],"e.ind":[1],"code":["\n# enter your code here ...\n"],"message":["\nYou have not yet entered all correct commands in chunk 1_g."]}
,
{"type":["check_ps"],"time":["2024-05-13 13:11:13"],"user":["Frederick Sollors"],"umph":[1715598673.7206],"ok":[true]}
,
{"type":["check_chunk"],"time":["2024-05-13 13:11:13"],"user":["Frederick Sollors"],"umph":[1715598673.7861],"ok":[true],"chunk":[7],"ex":[1],"e.ind":[0],"code":["\nthp %>% \n  pivot_longer(cols = -treat, names_to = \"variable\", values_to = \"value\") %>%\n  group_nest(variable) %>%\n  mutate(t.test = map(data, ~tidy(t.test(value ~ treat, data = .x)))) %>%\n  unnest(t.test) %>%\n  mutate( Mean_Treatment = round(estimate2, 2),\n          Mean_Kontrolle = round(estimate1, 2),\n    Differenz = round(estimate, 4),\n          Signifikanz = round(p.value,4)) %>%\n  select(variable, Mean_Treatment, Mean_Kontrolle, Differenz, Signifikanz)\n"],"message":[""]}
,
{"type":["check_chunk"],"time":["2024-05-13 13:11:13"],"user":["Frederick Sollors"],"umph":[1715598673.7901],"ok":[false],"chunk":[8],"ex":[1],"e.ind":[1],"code":["\n# enter your code here ...\n"],"message":["\nYou have not yet entered all correct commands in chunk 1_g."]}
,
{"type":["check_ps"],"time":["2024-05-13 13:13:33"],"user":["Frederick Sollors"],"umph":[1715598813.4171],"ok":[true]}
,
{"type":["check_chunk"],"time":["2024-05-13 13:13:33"],"user":["Frederick Sollors"],"umph":[1715598813.4507],"ok":[false],"chunk":[8],"ex":[1],"e.ind":[1],"code":["\nc(1, 3)\n"],"message":["\nYou have not yet entered all correct commands in chunk 1_g."]}
,
{"type":["check_ps"],"time":["2024-05-13 13:17:58"],"user":["Frederick Sollors"],"umph":[1715599078.4532],"ok":[true]}
,
{"type":["check_chunk"],"time":["2024-05-13 13:17:58"],"user":["Frederick Sollors"],"umph":[1715599078.5533],"ok":[true],"chunk":[7],"ex":[1],"e.ind":[0],"code":["\nthp %>% \n  pivot_longer(cols = -treat, names_to = \"variable\", values_to = \"value\") %>%\n  group_nest(variable) %>%\n  mutate(t.test = map(data, ~tidy(t.test(value ~ treat, data = .x)))) %>%\n  unnest(t.test) %>%\n  mutate( Mean_Treatment = round(estimate2, 2),\n          Mean_Kontrolle = round(estimate1, 2),\n    Differenz = round(estimate, 4),\n          Signifikanz = round(p.value,4)) %>%\n select(variable, Mean_Treatment, Mean_Kontrolle, Differenz, Signifikanz)\n"],"message":[""]}
,
{"type":["check_chunk"],"time":["2024-05-13 13:17:58"],"user":["Frederick Sollors"],"umph":[1715599078.5579],"ok":[false],"chunk":[8],"ex":[1],"e.ind":[1],"code":["\nc(1, 3)\n"],"message":["\nYou have not yet entered all correct commands in chunk 1_g."]}
,
{"type":["hint"],"time":["2024-05-13 13:18:19"],"user":["Frederick Sollors"],"umph":[1715599099.5215],"ok":[true],"chunk":[8],"ex":[1],"e.ind":[1]}
,
{"type":["check_ps"],"time":["2024-05-13 13:18:39"],"user":["Frederick Sollors"],"umph":[1715599119.9929],"ok":[true]}
,
{"type":["check_chunk"],"time":["2024-05-13 13:18:40"],"user":["Frederick Sollors"],"umph":[1715599120.0231],"ok":[false],"chunk":[8],"ex":[1],"e.ind":[1],"code":["\n1\n"],"message":["\nYou have not yet entered all correct commands in chunk 1_g."]}
,
{"type":["check_ps"],"time":["2024-05-13 13:18:48"],"user":["Frederick Sollors"],"umph":[1715599128.8602],"ok":[true]}
,
{"type":["check_chunk"],"time":["2024-05-13 13:18:48"],"user":["Frederick Sollors"],"umph":[1715599128.8939],"ok":[true],"chunk":[8],"ex":[1],"e.ind":[0],"code":["\n3\n"],"message":[""]}
,
{"type":["check_chunk"],"time":["2024-05-13 13:18:48"],"user":["Frederick Sollors"],"umph":[1715599128.9083],"ok":[false],"chunk":[9],"ex":[1],"e.ind":[3],"code":["reg1 <- lm(depressed_1y ~ treat, data=thp)\nreg2 <- lm(depressed_1y ~ treat + depindex_0, data=thp)\n\n# enter your code here ...\n"],"message":["\nYou have not yet made an assignment to reg3 in chunk 1_h."]}
,
{"type":["check_ps"],"time":["2024-05-13 13:21:17"],"user":["Frederick Sollors"],"umph":[1715599277.7054],"ok":[true]}
,
{"type":["check_chunk"],"time":["2024-05-13 13:21:17"],"user":["Frederick Sollors"],"umph":[1715599277.7584],"ok":[false],"chunk":[9],"ex":[1],"e.ind":[3],"code":["\nreg1 <- lm(depressed_1y ~ treat, data=thp)\nreg2 <- lm(depressed_1y ~ treat + depindex_0, data=thp)\n\n# enter your code here ...\n"],"message":["\nYou have not yet made an assignment to reg3 in chunk 1_h."]}
,
{"type":["hint"],"time":["2024-05-13 13:25:42"],"user":["Frederick Sollors"],"umph":[1715599542.7081],"ok":[true],"chunk":[9],"ex":[1],"e.ind":[3]}
,
{"type":["check_ps"],"time":["2024-05-13 13:29:00"],"user":["Frederick Sollors"],"umph":[1715599740.9675],"ok":[true]}
,
{"type":["check_chunk"],"time":["2024-05-13 13:29:00"],"user":["Frederick Sollors"],"umph":[1715599740.9908],"ok":[true],"chunk":[9],"ex":[1],"e.ind":[0],"code":["\nreg1 <- lm(depressed_1y ~ treat, data=thp)\nreg2 <- lm(depressed_1y ~ treat + depindex_0, data=thp)\nreg3 <- lm(depressed_1y ~ treat + depindex_0 + age_baseline + age_baseline_sq + kids_no + famstruct_baseline + grandmother_baseline + edu_mo + edu_fa + employed_mo_baseline + incomeindex + mspss_tot, data=thp)\n"],"message":[""]}
,
{"type":["check_chunk"],"time":["2024-05-13 13:29:01"],"user":["Frederick Sollors"],"umph":[1715599741.3524],"ok":[true],"chunk":[10],"ex":[1],"e.ind":[0],"code":["\nstargazer( reg1, reg2, reg3 ,type = \"text\",  digits=2, omit.stat = c(\"f\",\"ser\"))\n"],"message":[""]}
,
{"type":["check_chunk"],"time":["2024-05-13 13:29:01"],"user":["Frederick Sollors"],"umph":[1715599741.3563],"ok":[false],"chunk":[11],"ex":[1],"e.ind":[1],"code":["\n# enter your code here ...\n"],"message":["\nYou have not yet entered all correct commands in chunk 1_i_2."]}
,
{"type":["check_ps"],"time":["2024-05-13 13:29:56"],"user":["Frederick Sollors"],"umph":[1715599796.3316],"ok":[true]}
,
{"type":["check_chunk"],"time":["2024-05-13 13:29:56"],"user":["Frederick Sollors"],"umph":[1715599796.3473],"ok":[false],"chunk":[11],"ex":[1],"e.ind":[1],"code":["\n# enter your code here ...\n"],"message":["\nYou have not yet entered all correct commands in chunk 1_i_2."]}
,
{"type":["check_ps"],"time":["2024-05-13 13:35:07"],"user":["Frederick Sollors"],"umph":[1715600107.5454],"ok":[true]}
,
{"type":["check_chunk"],"time":["2024-05-13 13:35:07"],"user":["Frederick Sollors"],"umph":[1715600107.59],"ok":[false],"chunk":[11],"ex":[1],"e.ind":[1],"code":["\nc(1, 2, 3)\n"],"message":["\nYou have not yet entered all correct commands in chunk 1_i_2."]}
,
{"type":["hint"],"time":["2024-05-13 13:35:30"],"user":["Frederick Sollors"],"umph":[1715600130.4253],"ok":[true],"chunk":[11],"ex":[1],"e.ind":[1]}
,
{"type":["check_ps"],"time":["2024-05-13 13:35:53"],"user":["Frederick Sollors"],"umph":[1715600153.1314],"ok":[true]}
,
{"type":["check_chunk"],"time":["2024-05-13 13:35:53"],"user":["Frederick Sollors"],"umph":[1715600153.1611],"ok":[false],"chunk":[11],"ex":[1],"e.ind":[1],"code":["\nc(1,2,3)\n"],"message":["\nYou have not yet entered all correct commands in chunk 1_i_2."]}
,
{"type":["hint"],"time":["2024-05-13 13:36:00"],"user":["Frederick Sollors"],"umph":[1715600160.4274],"ok":[true],"chunk":[11],"ex":[1],"e.ind":[1]}
,
{"type":["check_ps"],"time":["2024-05-13 13:36:42"],"user":["Frederick Sollors"],"umph":[1715600202.2474],"ok":[true]}
,
{"type":["check_chunk"],"time":["2024-05-13 13:36:42"],"user":["Frederick Sollors"],"umph":[1715600202.2608],"ok":[false],"chunk":[11],"ex":[1],"e.ind":[1],"code":["\nc(1,2,3)\n"],"message":["\nYou have not yet entered all correct commands in chunk 1_i_2."]}
,
{"type":["check_ps"],"time":["2024-05-13 13:37:01"],"user":["Frederick Sollors"],"umph":[1715600221.398],"ok":[true]}
,
{"type":["check_chunk"],"time":["2024-05-13 13:37:01"],"user":["Frederick Sollors"],"umph":[1715600221.4085],"ok":[false],"chunk":[11],"ex":[1],"e.ind":[1],"code":["\nc(1, 2)\n"],"message":["\nYou have not yet entered all correct commands in chunk 1_i_2."]}
,
{"type":["check_ps"],"time":["2024-05-13 13:37:13"],"user":["Frederick Sollors"],"umph":[1715600233.6031],"ok":[true]}
,
{"type":["check_chunk"],"time":["2024-05-13 13:37:13"],"user":["Frederick Sollors"],"umph":[1715600233.6137],"ok":[false],"chunk":[11],"ex":[1],"e.ind":[1],"code":["\nc(1, 3)\n"],"message":["\nYou have not yet entered all correct commands in chunk 1_i_2."]}
,
{"type":["hint"],"time":["2024-05-13 13:37:26"],"user":["Frederick Sollors"],"umph":[1715600246.1084],"ok":[true],"chunk":[11],"ex":[1],"e.ind":[1]}
,
{"type":["check_ps"],"time":["2024-05-13 13:38:28"],"user":["Frederick Sollors"],"umph":[1715600308.7416],"ok":[true]}
,
{"type":["check_chunk"],"time":["2024-05-13 13:38:28"],"user":["Frederick Sollors"],"umph":[1715600308.7745],"ok":[false],"chunk":[11],"ex":[1],"e.ind":[1],"code":["\nc(1,3)\n"],"message":["\nYou have not yet entered all correct commands in chunk 1_i_2."]}
,
{"type":["check_ps"],"time":["2024-05-13 13:38:39"],"user":["Frederick Sollors"],"umph":[1715600319.1759],"ok":[true]}
,
{"type":["check_chunk"],"time":["2024-05-13 13:38:39"],"user":["Frederick Sollors"],"umph":[1715600319.1905],"ok":[false],"chunk":[11],"ex":[1],"e.ind":[1],"code":["\nc(2,3)\n"],"message":["\nYou have not yet entered all correct commands in chunk 1_i_2."]}
,
{"type":["check_ps"],"time":["2024-05-13 13:38:51"],"user":["Frederick Sollors"],"umph":[1715600331.7726],"ok":[true]}
,
{"type":["check_chunk"],"time":["2024-05-13 13:38:51"],"user":["Frederick Sollors"],"umph":[1715600331.797],"ok":[false],"chunk":[11],"ex":[1],"e.ind":[1],"code":["\nc(3)\n"],"message":["\nYou have not yet entered all correct commands in chunk 1_i_2."]}
,
{"type":["hint"],"time":["2024-05-13 13:39:11"],"user":["Frederick Sollors"],"umph":[1715600351.0995],"ok":[true],"chunk":[11],"ex":[1],"e.ind":[1]}
,
{"type":["check_ps"],"time":["2024-05-13 13:39:52"],"user":["Frederick Sollors"],"umph":[1715600392.951],"ok":[true]}
,
{"type":["check_chunk"],"time":["2024-05-13 13:39:52"],"user":["Frederick Sollors"],"umph":[1715600392.9868],"ok":[false],"chunk":[11],"ex":[1],"e.ind":[1],"code":["\nc(1,2,3)\n"],"message":["\nYou have not yet entered all correct commands in chunk 1_i_2."]}
,
{"type":["check_ps"],"time":["2024-05-13 13:40:47"],"user":["Frederick Sollors"],"umph":[1715600447.5872],"ok":[true]}
,
{"type":["check_chunk"],"time":["2024-05-13 13:40:47"],"user":["Frederick Sollors"],"umph":[1715600447.6203],"ok":[false],"chunk":[11],"ex":[1],"e.ind":[1],"code":["\nc(1,2,3,4)\n"],"message":["\nYou have not yet entered all correct commands in chunk 1_i_2."]}
,
{"type":["check_ps"],"time":["2024-05-13 13:40:58"],"user":["Frederick Sollors"],"umph":[1715600458.69],"ok":[true]}
,
{"type":["check_chunk"],"time":["2024-05-13 13:40:58"],"user":["Frederick Sollors"],"umph":[1715600458.6997],"ok":[false],"chunk":[11],"ex":[1],"e.ind":[1],"code":["\nc(2,3)\n"],"message":["\nYou have not yet entered all correct commands in chunk 1_i_2."]}
,
{"type":["check_ps"],"time":["2024-05-13 13:41:35"],"user":["Frederick Sollors"],"umph":[1715600495.4943],"ok":[true]}
,
{"type":["check_chunk"],"time":["2024-05-13 13:41:35"],"user":["Frederick Sollors"],"umph":[1715600495.5257],"ok":[false],"chunk":[11],"ex":[1],"e.ind":[1],"code":["\nc(3)\n"],"message":["\nYou have not yet entered all correct commands in chunk 1_i_2."]}
,
{"type":["check_ps"],"time":["2024-05-13 13:42:07"],"user":["Frederick Sollors"],"umph":[1715600527.5871],"ok":[true]}
,
{"type":["check_chunk"],"time":["2024-05-13 13:42:07"],"user":["Frederick Sollors"],"umph":[1715600527.6197],"ok":[true],"chunk":[11],"ex":[1],"e.ind":[0],"code":["\nc(2,4)\n"],"message":[""]}
,
{"type":["check_chunk"],"time":["2024-05-13 13:42:07"],"user":["Frederick Sollors"],"umph":[1715600527.6297],"ok":[false],"chunk":[12],"ex":[1],"e.ind":[1],"code":["\nc(4)\n"],"message":["\nYou have not yet entered all correct commands in chunk 1_j."]}
,
{"type":["check_ps"],"time":["2024-05-13 13:42:47"],"user":["Frederick Sollors"],"umph":[1715600567.3938],"ok":[true]}
,
{"type":["check_chunk"],"time":["2024-05-13 13:42:47"],"user":["Frederick Sollors"],"umph":[1715600567.4056],"ok":[false],"chunk":[12],"ex":[1],"e.ind":[1],"code":["\nc(1)\n"],"message":["\nYou have not yet entered all correct commands in chunk 1_j."]}
,
{"type":["check_ps"],"time":["2024-05-13 13:42:57"],"user":["Frederick Sollors"],"umph":[1715600577.3537],"ok":[true]}
,
{"type":["check_chunk"],"time":["2024-05-13 13:42:57"],"user":["Frederick Sollors"],"umph":[1715600577.3628],"ok":[false],"chunk":[12],"ex":[1],"e.ind":[1],"code":["\nc(2)\n"],"message":["\nOk, in chunk 1_j your command\n\n    c(2)\n\nindeed yields the correct result. But you shall directly use the function '2', by just writing \n\n    2\n\nPlease change your code."]}
,
{"type":["check_ps"],"time":["2024-05-13 13:43:24"],"user":["Frederick Sollors"],"umph":[1715600604.4938],"ok":[true]}
,
{"type":["check_chunk"],"time":["2024-05-13 13:43:24"],"user":["Frederick Sollors"],"umph":[1715600604.5105],"ok":[true],"chunk":[12],"ex":[1],"e.ind":[0],"code":["\n2\n"],"message":[""]}
,
{"type":["check_chunk"],"time":["2024-05-13 13:43:25"],"user":["Frederick Sollors"],"umph":[1715600605.8696],"ok":[true],"chunk":[13],"ex":[2],"e.ind":[0],"code":["library(AER)\ndata(Fertility)\nhead(Fertility)\nskim(Fertility)"],"message":[""]}
,
{"type":["check_chunk"],"time":["2024-05-13 13:43:25"],"user":["Frederick Sollors"],"umph":[1715600605.8739],"ok":[false],"chunk":[14],"ex":[2],"e.ind":[1],"code":["\n# enter your code here ...\n"],"message":["\nYou have not yet entered all correct commands in chunk 2_a_2."]}
,
{"type":["check_ps"],"time":["2024-05-13 13:45:32"],"user":["Frederick Sollors"],"umph":[1715600732.1962],"ok":[true]}
,
{"type":["check_chunk"],"time":["2024-05-13 13:45:33"],"user":["Frederick Sollors"],"umph":[1715600733.2238],"ok":[true],"chunk":[13],"ex":[2],"e.ind":[0],"code":["\nlibrary(AER)\ndata(Fertility)\nhead(Fertility)\nskim(Fertility)\n"],"message":[""]}
,
{"type":["check_chunk"],"time":["2024-05-13 13:45:33"],"user":["Frederick Sollors"],"umph":[1715600733.2275],"ok":[false],"chunk":[14],"ex":[2],"e.ind":[1],"code":["\n# enter your code here ...\n"],"message":["\nYou have not yet entered all correct commands in chunk 2_a_2."]}
,
{"type":["check_ps"],"time":["2024-05-13 13:46:59"],"user":["Frederick Sollors"],"umph":[1715600819.0978],"ok":[true]}
,
{"type":["check_chunk"],"time":["2024-05-13 13:46:59"],"user":["Frederick Sollors"],"umph":[1715600819.1277],"ok":[true],"chunk":[14],"ex":[2],"e.ind":[0],"code":["\n2\n"],"message":[""]}
,
{"type":["check_chunk"],"time":["2024-05-13 13:46:59"],"user":["Frederick Sollors"],"umph":[1715600819.1475],"ok":[false],"chunk":[15],"ex":[2],"e.ind":[1],"code":["Fertility <- Fertility %>%\n  mutate(work01 = case_when(work > 0 ~ 1,\n                            work == 0 ~ 0))\n\n# enter your code here ...\n\n\n# enter your code here ...\n"],"message":["\nYou have not yet made an assignment to reg1 in chunk 2_b."]}
,
{"type":["hint"],"time":["2024-05-13 13:49:39"],"user":["Frederick Sollors"],"umph":[1715600979.562],"ok":[true],"chunk":[15],"ex":[2],"e.ind":[1]}
,
{"type":["check_ps"],"time":["2024-05-13 13:52:16"],"user":["Frederick Sollors"],"umph":[1715601136.13],"ok":[true]}
,
{"type":["check_chunk"],"time":["2024-05-13 13:52:16"],"user":["Frederick Sollors"],"umph":[1715601136.2883],"ok":[false],"chunk":[15],"ex":[2],"e.ind":[1],"code":["\nFertility <- Fertility %>%\n  mutate(work01 = case_when(work > 0 ~ 1,\n                            work == 0 ~ 0))\n\n# Erstellen der Regression\nreg1 <- lm(work ~ work01, data=Fertility)\n\nsummary(reg1)\n"],"message":["\nYou have not made a correct assignment to reg1 in chunk 2_b."]}
,
{"type":["check_ps"],"time":["2024-05-13 13:52:56"],"user":["Frederick Sollors"],"umph":[1715601176.1765],"ok":[true]}
,
{"type":["check_chunk"],"time":["2024-05-13 13:52:56"],"user":["Frederick Sollors"],"umph":[1715601176.577],"ok":[false],"chunk":[15],"ex":[2],"e.ind":[1],"code":["\nFertility <- Fertility %>%\n  mutate(work01 = case_when(work > 0 ~ 1,\n                            work == 0 ~ 0))\n\n# Erstellen der Regression\nreg1 <- lm(work ~ work01, data=Fertility)\n\nsummary(reg1)\n"],"message":["\nYou have not made a correct assignment to reg1 in chunk 2_b."]}
,
{"type":["hint"],"time":["2024-05-13 13:53:03"],"user":["Frederick Sollors"],"umph":[1715601183.9532],"ok":[true],"chunk":[15],"ex":[2],"e.ind":[1]}
,
{"type":["hint"],"time":["2024-05-13 13:53:43"],"user":["Frederick Sollors"],"umph":[1715601223.3946],"ok":[true],"chunk":[15],"ex":[2],"e.ind":[1]}
,
{"type":["check_ps"],"time":["2024-05-13 13:56:25"],"user":["Frederick Sollors"],"umph":[1715601385.6194],"ok":[true]}
,
{"type":["check_chunk"],"time":["2024-05-13 13:56:26"],"user":["Frederick Sollors"],"umph":[1715601386.152],"ok":[true],"chunk":[15],"ex":[2],"e.ind":[0],"code":["\nFertility <- Fertility %>%\n  mutate(work01 = case_when(work > 0 ~ 1,\n                            work == 0 ~ 0))\n\n# Erstellen der Regression\nreg1 <- lm(work01 ~ morekids, data=Fertility)\n\nsummary(reg1)\n"],"message":[""]}
,
{"type":["check_chunk"],"time":["2024-05-13 13:56:26"],"user":["Frederick Sollors"],"umph":[1715601386.1568],"ok":[true],"chunk":[16],"ex":[2],"e.ind":[0],"code":["\n2\n"],"message":[""]}
,
{"type":["check_chunk"],"time":["2024-05-13 13:56:26"],"user":["Frederick Sollors"],"umph":[1715601386.1774],"ok":[true],"chunk":[17],"ex":[2],"e.ind":[0],"code":["\ngrViz('digraph G {\n\nx [label=\"erklärende Variable x\"]\ny [label=\"abhängige Variable y\"]\nz [label=\"Instrument z\"]\n\nx -> y [label=\"+\"];\nz -> x [label=\"+\"];\nz -> y [label=\"+\"];\n}')\n"],"message":[""]}
,
{"type":["check_chunk"],"time":["2024-05-13 13:56:26"],"user":["Frederick Sollors"],"umph":[1715601386.1884],"ok":[true],"chunk":[18],"ex":[2],"e.ind":[0],"code":["\ngrViz('digraph G {\n\nx [label=\"erklärende Variable x\"]\ny [label=\"abhängige Variable y\"]\nz [label=\"Instrument z\"]\n\nx -> y [label=\"-\"];\nz -> y [label=\"+\"];\n}')\n"],"message":[""]}
,
{"type":["check_chunk"],"time":["2024-05-13 13:56:26"],"user":["Frederick Sollors"],"umph":[1715601386.2],"ok":[true],"chunk":[19],"ex":[2],"e.ind":[0],"code":["\ngrViz('digraph G {\n\nx [label=\"erklärende Variable x\"]\ny [label=\"abhängige Variable y\"]\nz [label=\"Instrument z\"]\n\nx -> y [label=\"-\"];\nz -> x [label=\"+\"];\n}')\n"],"message":[""]}
,
{"type":["check_chunk"],"time":["2024-05-13 13:56:26"],"user":["Frederick Sollors"],"umph":[1715601386.2035],"ok":[false],"chunk":[20],"ex":[2],"e.ind":[1],"code":["\n# enter your code here ...\n"],"message":["\nYou have not yet entered all correct commands in chunk 2_d_4."]}
,
{"type":["check_ps"],"time":["2024-05-13 13:57:09"],"user":["Frederick Sollors"],"umph":[1715601429.4499],"ok":[true]}
,
{"type":["check_chunk"],"time":["2024-05-13 13:57:09"],"user":["Frederick Sollors"],"umph":[1715601429.4903],"ok":[false],"chunk":[20],"ex":[2],"e.ind":[1],"code":["\n1\n"],"message":["\nYou have not yet entered all correct commands in chunk 2_d_4."]}
,
{"type":["check_ps"],"time":["2024-05-13 13:57:20"],"user":["Frederick Sollors"],"umph":[1715601440.6442],"ok":[true]}
,
{"type":["check_chunk"],"time":["2024-05-13 13:57:20"],"user":["Frederick Sollors"],"umph":[1715601440.6587],"ok":[false],"chunk":[20],"ex":[2],"e.ind":[1],"code":["\n2\n"],"message":["\nYou have not yet entered all correct commands in chunk 2_d_4."]}
,
{"type":["check_ps"],"time":["2024-05-13 13:57:30"],"user":["Frederick Sollors"],"umph":[1715601450.4183],"ok":[true]}
,
{"type":["check_chunk"],"time":["2024-05-13 13:57:30"],"user":["Frederick Sollors"],"umph":[1715601450.4264],"ok":[true],"chunk":[20],"ex":[2],"e.ind":[0],"code":["\n3\n"],"message":[""]}
,
{"type":["check_chunk"],"time":["2024-05-13 13:57:31"],"user":["Frederick Sollors"],"umph":[1715601451.2028],"ok":[true],"chunk":[21],"ex":[2],"e.ind":[0],"code":["\nFertility <- Fertility %>%\n  mutate(morekids = ifelse(morekids== \"yes\", 1, 0)) %>%\n  mutate(afam = ifelse(afam== \"yes\", 1, 0)) %>%\n  mutate(same_sex = ifelse(gender1== gender2, 1, 0))\n  \nreg1 <-  Fertility %>%\n  lm(morekids ~ gender2, data=.)\n\nreg2 <- Fertility %>%\n  lm(morekids ~ afam, data=.)\n\n reg3 <- Fertility %>%\n  lm(morekids ~ same_sex, data=.)\n\n stargazer(reg1, reg2, reg3, type = \"text\", digits=3)\n "],"message":[""]}
,
{"type":["check_chunk"],"time":["2024-05-13 13:57:31"],"user":["Frederick Sollors"],"umph":[1715601451.2071],"ok":[false],"chunk":[22],"ex":[2],"e.ind":[1],"code":["\n# enter your code here ...\n"],"message":["\nYou have not yet entered all correct commands in chunk 2_e_2."]}
,
{"type":["check_ps"],"time":["2024-05-13 13:58:05"],"user":["Frederick Sollors"],"umph":[1715601485.1636],"ok":[true]}
,
{"type":["check_chunk"],"time":["2024-05-13 13:58:05"],"user":["Frederick Sollors"],"umph":[1715601485.1743],"ok":[false],"chunk":[22],"ex":[2],"e.ind":[1],"code":["\n1\n"],"message":["\nYou have not yet entered all correct commands in chunk 2_e_2."]}
,
{"type":["check_ps"],"time":["2024-05-13 13:58:14"],"user":["Frederick Sollors"],"umph":[1715601494.5223],"ok":[true]}
,
{"type":["check_chunk"],"time":["2024-05-13 13:58:14"],"user":["Frederick Sollors"],"umph":[1715601494.5358],"ok":[false],"chunk":[22],"ex":[2],"e.ind":[1],"code":["\n2\n"],"message":["\nYou have not yet entered all correct commands in chunk 2_e_2."]}
,
{"type":["check_ps"],"time":["2024-05-13 13:58:20"],"user":["Frederick Sollors"],"umph":[1715601500.675],"ok":[true]}
,
{"type":["check_chunk"],"time":["2024-05-13 13:58:20"],"user":["Frederick Sollors"],"umph":[1715601500.7141],"ok":[true],"chunk":[22],"ex":[2],"e.ind":[0],"code":["\n3\n"],"message":[""]}
,
{"type":["check_chunk"],"time":["2024-05-13 13:58:21"],"user":["Frederick Sollors"],"umph":[1715601501.2979],"ok":[true],"chunk":[23],"ex":[2],"e.ind":[0],"code":["\nivreg(work01 ~ morekids | same_sex, data = Fertility) %>% \n  summary(diagnostics=TRUE)\n"],"message":[""]}
,
{"type":["check_chunk"],"time":["2024-05-13 13:58:21"],"user":["Frederick Sollors"],"umph":[1715601501.412],"ok":[true],"chunk":[24],"ex":[2],"e.ind":[0],"code":["\nivreg(work01 ~ morekids | same_sex, data = Fertility) %>% \n  summary()\n"],"message":[""]}
,
{"type":["check_chunk"],"time":["2024-05-13 13:58:21"],"user":["Frederick Sollors"],"umph":[1715601501.4163],"ok":[false],"chunk":[25],"ex":[2],"e.ind":[1],"code":["\n# enter your code here ...\n"],"message":["\nYou have not yet entered all correct commands in chunk 2_f_2."]}
,
{"type":["check_ps"],"time":["2024-05-13 13:58:36"],"user":["Frederick Sollors"],"umph":[1715601516.4887],"ok":[true]}
,
{"type":["check_chunk"],"time":["2024-05-13 13:58:36"],"user":["Frederick Sollors"],"umph":[1715601516.5002],"ok":[false],"chunk":[25],"ex":[2],"e.ind":[1],"code":["\n# enter your code here ...\n"],"message":["\nYou have not yet entered all correct commands in chunk 2_f_2."]}
,
{"type":["check_ps"],"time":["2024-05-13 13:59:12"],"user":["Frederick Sollors"],"umph":[1715601552.4583],"ok":[true]}
,
{"type":["check_chunk"],"time":["2024-05-13 13:59:12"],"user":["Frederick Sollors"],"umph":[1715601552.4683],"ok":[false],"chunk":[25],"ex":[2],"e.ind":[1],"code":["\n# enter your code here ...\n"],"message":["\nYou have not yet entered all correct commands in chunk 2_f_2."]}
,
{"type":["check_ps"],"time":["2024-05-13 13:59:48"],"user":["Frederick Sollors"],"umph":[1715601588.2196],"ok":[true]}
,
{"type":["check_chunk"],"time":["2024-05-13 13:59:48"],"user":["Frederick Sollors"],"umph":[1715601588.2324],"ok":[false],"chunk":[25],"ex":[2],"e.ind":[1],"code":["\n5\n"],"message":["\nYou have not yet entered all correct commands in chunk 2_f_2."]}
,
{"type":["check_ps"],"time":["2024-05-13 13:59:56"],"user":["Frederick Sollors"],"umph":[1715601596.9581],"ok":[true]}
,
{"type":["check_chunk"],"time":["2024-05-13 13:59:56"],"user":["Frederick Sollors"],"umph":[1715601596.9742],"ok":[false],"chunk":[25],"ex":[2],"e.ind":[1],"code":["\n4\n"],"message":["\nYou have not yet entered all correct commands in chunk 2_f_2."]}
,
{"type":["check_ps"],"time":["2024-05-13 14:00:04"],"user":["Frederick Sollors"],"umph":[1715601604.4656],"ok":[true]}
,
{"type":["check_chunk"],"time":["2024-05-13 14:00:04"],"user":["Frederick Sollors"],"umph":[1715601604.4758],"ok":[false],"chunk":[25],"ex":[2],"e.ind":[1],"code":["\n3\n"],"message":["\nYou have not yet entered all correct commands in chunk 2_f_2."]}
,
{"type":["check_ps"],"time":["2024-05-13 14:00:12"],"user":["Frederick Sollors"],"umph":[1715601612.3031],"ok":[true]}
,
{"type":["check_chunk"],"time":["2024-05-13 14:00:12"],"user":["Frederick Sollors"],"umph":[1715601612.3146],"ok":[true],"chunk":[25],"ex":[2],"e.ind":[0],"code":["\n2\n"],"message":[""]}
,
{"type":["check_chunk"],"time":["2024-05-13 14:00:12"],"user":["Frederick Sollors"],"umph":[1715601612.3212],"ok":[false],"chunk":[26],"ex":[2],"e.ind":[1],"code":["\n\n"],"message":["\nYou have not yet entered all correct commands in chunk 2_g."]}
,
{"type":["grade_ps"],"time":["2024-05-13 14:03:25"],"user":["Frederick Sollors"],"umph":[1715601805.9847],"ok":[true]}
,
{"type":["init_ps"],"time":["2024-05-13 14:03:25"],"user":["Frederick Sollors"],"umph":[1715601805.9995],"ok":[true]}
,
{"type":["check_chunk"],"time":["2024-05-13 14:03:26"],"user":["Frederick Sollors"],"umph":[1715601806.0139],"ok":[true],"chunk":[1],"ex":[1],"e.ind":[0],"code":["\n2\n"],"message":[""]}
,
{"type":["check_chunk"],"time":["2024-05-13 14:03:26"],"user":["Frederick Sollors"],"umph":[1715601806.0251],"ok":[true],"chunk":[2],"ex":[1],"e.ind":[0],"code":["\n\"nein\"\n"],"message":[""]}
,
{"type":["check_chunk"],"time":["2024-05-13 14:03:26"],"user":["Frederick Sollors"],"umph":[1715601806.7178],"ok":[true],"chunk":[3],"ex":[1],"e.ind":[0],"code":["\nthp <- read_csv(\"./data/THP_clean.csv\") %>%\n  select(newid, uc, depressed_1y, treat, age_baseline, age_baseline_sq, kids_no, famstruct_baseline, grandmother_baseline, edu_mo, edu_fa, employed_mo_baseline, incomeindex, depindex_0, mspss_tot)\n\nskim(thp)\n"],"message":[""]}
,
{"type":["check_chunk"],"time":["2024-05-13 14:03:26"],"user":["Frederick Sollors"],"umph":[1715601806.8031],"ok":[true],"chunk":[4],"ex":[1],"e.ind":[0],"code":["\nthp_plots <- thp %>%\n  mutate(treat_factor = as.factor(ifelse(treat == 1 , \"Treatment\", \"Kontrolle\")),\n         depressed = as.factor(ifelse(depressed_1y == 0, \"keine Depressionen\", \"Depressionen\"))) %>%\n  filter( !is.na(depressed)) \nplot_prop_depression <- ggplot(thp_plots, aes(x = depressed, fill = treat_factor)) +\n  geom_bar(position = \"fill\") +\n  labs(x = NULL, y = \"Anteil an Depressionen\", fill = NULL) +\n  scale_fill_manual(values = c(\"darkblue\", \"darkred\"))\n\nplot_prop_depression\n"],"message":[""]}
,
{"type":["check_chunk"],"time":["2024-05-13 14:03:26"],"user":["Frederick Sollors"],"umph":[1715601806.8065],"ok":[true],"chunk":[5],"ex":[1],"e.ind":[0],"code":["\n\"ja\"\n"],"message":[""]}
,
{"type":["check_chunk"],"time":["2024-05-13 14:03:26"],"user":["Frederick Sollors"],"umph":[1715601806.8092],"ok":[true],"chunk":[6],"ex":[1],"e.ind":[0],"code":["\n\"unterschätzen\"\n"],"message":[""]}
,
{"type":["check_chunk"],"time":["2024-05-13 14:03:26"],"user":["Frederick Sollors"],"umph":[1715601806.8595],"ok":[true],"chunk":[7],"ex":[1],"e.ind":[0],"code":["\nthp %>% \n  pivot_longer(cols = -treat, names_to = \"variable\", values_to = \"value\") %>%\n  group_nest(variable) %>%\n  mutate(t.test = map(data, ~tidy(t.test(value ~ treat, data = .x)))) %>%\n  unnest(t.test) %>%\n  mutate( Mean_Treatment = round(estimate2, 2),\n          Mean_Kontrolle = round(estimate1, 2),\n    Differenz = round(estimate, 4),\n          Signifikanz = round(p.value,4)) %>%\n select(variable, Mean_Treatment, Mean_Kontrolle, Differenz, Signifikanz)\n"],"message":[""]}
,
{"type":["check_chunk"],"time":["2024-05-13 14:03:26"],"user":["Frederick Sollors"],"umph":[1715601806.8657],"ok":[true],"chunk":[8],"ex":[1],"e.ind":[0],"code":["\n3\n"],"message":[""]}
,
{"type":["check_chunk"],"time":["2024-05-13 14:03:26"],"user":["Frederick Sollors"],"umph":[1715601806.9392],"ok":[true],"chunk":[9],"ex":[1],"e.ind":[0],"code":["\nreg1 <- lm(depressed_1y ~ treat, data=thp)\nreg2 <- lm(depressed_1y ~ treat + depindex_0, data=thp)\nreg3 <- lm(depressed_1y ~ treat + depindex_0 + age_baseline + age_baseline_sq + kids_no + famstruct_baseline + grandmother_baseline + edu_mo + edu_fa + employed_mo_baseline + incomeindex + mspss_tot, data=thp)\n"],"message":[""]}
,
{"type":["check_chunk"],"time":["2024-05-13 14:03:27"],"user":["Frederick Sollors"],"umph":[1715601807.2594],"ok":[true],"chunk":[10],"ex":[1],"e.ind":[0],"code":["\nstargazer( reg1, reg2, reg3 ,type = \"text\",  digits=2, omit.stat = c(\"f\",\"ser\"))\n"],"message":[""]}
,
{"type":["check_chunk"],"time":["2024-05-13 14:03:27"],"user":["Frederick Sollors"],"umph":[1715601807.2631],"ok":[true],"chunk":[11],"ex":[1],"e.ind":[0],"code":["\nc(2,4)\n"],"message":[""]}
,
{"type":["check_chunk"],"time":["2024-05-13 14:03:27"],"user":["Frederick Sollors"],"umph":[1715601807.2661],"ok":[true],"chunk":[12],"ex":[1],"e.ind":[0],"code":["\n2\n"],"message":[""]}
,
{"type":["check_chunk"],"time":["2024-05-13 14:03:28"],"user":["Frederick Sollors"],"umph":[1715601808.1466],"ok":[true],"chunk":[13],"ex":[2],"e.ind":[0],"code":["\nlibrary(AER)\ndata(Fertility)\nhead(Fertility)\nskim(Fertility)\n"],"message":[""]}
,
{"type":["check_chunk"],"time":["2024-05-13 14:03:28"],"user":["Frederick Sollors"],"umph":[1715601808.1501],"ok":[true],"chunk":[14],"ex":[2],"e.ind":[0],"code":["\n2\n"],"message":[""]}
,
{"type":["check_chunk"],"time":["2024-05-13 14:03:28"],"user":["Frederick Sollors"],"umph":[1715601808.4085],"ok":[true],"chunk":[15],"ex":[2],"e.ind":[0],"code":["\nFertility <- Fertility %>%\n  mutate(work01 = case_when(work > 0 ~ 1,\n                            work == 0 ~ 0))\n\n# Erstellen der Regression\nreg1 <- lm(work01 ~ morekids, data=Fertility)\n\nsummary(reg1)\n"],"message":[""]}
,
{"type":["check_chunk"],"time":["2024-05-13 14:03:28"],"user":["Frederick Sollors"],"umph":[1715601808.4117],"ok":[true],"chunk":[16],"ex":[2],"e.ind":[0],"code":["\n2\n"],"message":[""]}
,
{"type":["check_chunk"],"time":["2024-05-13 14:03:28"],"user":["Frederick Sollors"],"umph":[1715601808.4563],"ok":[true],"chunk":[17],"ex":[2],"e.ind":[0],"code":["\ngrViz('digraph G {\n\nx [label=\"erklärende Variable x\"]\ny [label=\"abhängige Variable y\"]\nz [label=\"Instrument z\"]\n\nx -> y [label=\"+\"];\nz -> x [label=\"+\"];\nz -> y [label=\"+\"];\n}')\n"],"message":[""]}
,
{"type":["check_chunk"],"time":["2024-05-13 14:03:28"],"user":["Frederick Sollors"],"umph":[1715601808.4792],"ok":[true],"chunk":[18],"ex":[2],"e.ind":[0],"code":["\ngrViz('digraph G {\n\nx [label=\"erklärende Variable x\"]\ny [label=\"abhängige Variable y\"]\nz [label=\"Instrument z\"]\n\nx -> y [label=\"-\"];\nz -> y [label=\"+\"];\n}')\n"],"message":[""]}
,
{"type":["check_chunk"],"time":["2024-05-13 14:03:28"],"user":["Frederick Sollors"],"umph":[1715601808.4957],"ok":[true],"chunk":[19],"ex":[2],"e.ind":[0],"code":["\ngrViz('digraph G {\n\nx [label=\"erklärende Variable x\"]\ny [label=\"abhängige Variable y\"]\nz [label=\"Instrument z\"]\n\nx -> y [label=\"-\"];\nz -> x [label=\"+\"];\n}')\n"],"message":[""]}
,
{"type":["check_chunk"],"time":["2024-05-13 14:03:28"],"user":["Frederick Sollors"],"umph":[1715601808.4994],"ok":[true],"chunk":[20],"ex":[2],"e.ind":[0],"code":["\n3\n"],"message":[""]}
,
{"type":["check_chunk"],"time":["2024-05-13 14:03:29"],"user":["Frederick Sollors"],"umph":[1715601809.0654],"ok":[true],"chunk":[21],"ex":[2],"e.ind":[0],"code":["\nFertility <- Fertility %>%\n  mutate(morekids = ifelse(morekids== \"yes\", 1, 0)) %>%\n  mutate(afam = ifelse(afam== \"yes\", 1, 0)) %>%\n  mutate(same_sex = ifelse(gender1== gender2, 1, 0))\n  \nreg1 <-  Fertility %>%\n  lm(morekids ~ gender2, data=.)\n\nreg2 <- Fertility %>%\n  lm(morekids ~ afam, data=.)\n\n reg3 <- Fertility %>%\n  lm(morekids ~ same_sex, data=.)\n\n stargazer(reg1, reg2, reg3, type = \"text\", digits=3)\n "],"message":[""]}
,
{"type":["check_chunk"],"time":["2024-05-13 14:03:29"],"user":["Frederick Sollors"],"umph":[1715601809.069],"ok":[true],"chunk":[22],"ex":[2],"e.ind":[0],"code":["\n3\n"],"message":[""]}
,
{"type":["check_chunk"],"time":["2024-05-13 14:03:29"],"user":["Frederick Sollors"],"umph":[1715601809.2809],"ok":[true],"chunk":[23],"ex":[2],"e.ind":[0],"code":["\nivreg(work01 ~ morekids | same_sex, data = Fertility) %>% \n  summary(diagnostics=TRUE)\n"],"message":[""]}
,
{"type":["check_chunk"],"time":["2024-05-13 14:03:29"],"user":["Frederick Sollors"],"umph":[1715601809.3793],"ok":[true],"chunk":[24],"ex":[2],"e.ind":[0],"code":["\nivreg(work01 ~ morekids | same_sex, data = Fertility) %>% \n  summary()\n"],"message":[""]}
,
{"type":["check_chunk"],"time":["2024-05-13 14:03:29"],"user":["Frederick Sollors"],"umph":[1715601809.3835],"ok":[true],"chunk":[25],"ex":[2],"e.ind":[0],"code":["\n2\n"],"message":[""]}
,
{"type":["check_chunk"],"time":["2024-05-13 14:03:29"],"user":["Frederick Sollors"],"umph":[1715601809.3864],"ok":[false],"chunk":[26],"ex":[2],"e.ind":[1],"code":["\n\n"],"message":["\nYou have not yet entered all correct commands in chunk 2_g."]}
,
